<?xml version="1.0" encoding="UTF-8"?>
<testsuite name="FactorialTest" tests="2" skipped="0" failures="0" errors="0" timestamp="2022-06-29T05:10:13" hostname="Karthinivashs-MacBook-Pro.local" time="0.081">
  <properties/>
  <testcase name="shouldReturnFactorialOfANumberAsOneIfGivenNumberIsZero()" classname="FactorialTest" time="0.071"/>
  <testcase name="shouldReturnTheFactorialOfANumber()" classname="FactorialTest" time="0.003"/>
  <system-out><![CDATA[]]></system-out>
  <system-err><![CDATA[]]></system-err>
</testsuite>
