<?xml version="1.0" encoding="UTF-8"?>
<testsuite name="FactorialTest" tests="1" skipped="0" failures="0" errors="0" timestamp="2022-06-29T04:57:31" hostname="Karthinivashs-MacBook-Pro.local" time="0.065">
  <properties/>
  <testcase name="shouldReturnTheFactorialOfANumber()" classname="FactorialTest" time="0.065"/>
  <system-out><![CDATA[]]></system-out>
  <system-err><![CDATA[]]></system-err>
</testsuite>
